<?xml version="1.0" encoding="UTF-8"?>
<!-- Generated by org.testng.reporters.JUnitReportReporter -->
<testsuite hostname="DESKTOP-6F2QJOP" failures="0" tests="1" name="com.bluecloud.RunnerClasses.QAapplication" time="21.620" errors="0" timestamp="2022-10-12T16:48:17 IST" skipped="0">
  <testcase classname="com.bluecloud.RunnerClasses.QAapplication" name="textAndCheckBox" time="21.620"/>
  <system-out/>
</testsuite> <!-- com.bluecloud.RunnerClasses.QAapplication -->
