<?xml version="1.0" encoding="UTF-8"?>
<!-- Generated by org.testng.reporters.JUnitReportReporter -->
<testsuite hostname="DESKTOP-6F2QJOP" failures="0" tests="1" name="com.bluecloud.RunnerClasses.Flipkart" time="382.456" errors="0" timestamp="2022-09-14T14:57:31 IST" skipped="0">
  <testcase classname="com.bluecloud.RunnerClasses.Flipkart" name="cartFlow" time="382.456"/>
  <system-out/>
</testsuite> <!-- com.bluecloud.RunnerClasses.Flipkart -->
